<?xml version="1.0" encoding="UTF-8"?>
<!-- Generated by org.testng.reporters.JUnitXMLReporter -->
<testsuite ignored="0" hostname="SarthakThinkpad" failures="1" tests="5" name="Test" time="28.978" errors="0" timestamp="2023-04-16T13:03:03 GMT-04:00">
  <testcase classname="com.automationcode_ExtentReports_16thApr_2023.TNLoginTest" name="clickOnMyAccount" time="0.073"/>
  <testcase classname="com.automationcode_ExtentReports_16thApr_2023.TNLoginTest" name="clickOnLogin" time="0.493"/>
  <testcase classname="com.automationcode_ExtentReports_16thApr_2023.TNLoginTest" name="enterLoginCredentials" time="0.693"/>
  <testcase classname="com.automationcode_ExtentReports_16thApr_2023.TNLoginTest" name="clickOnLoginButton" time="1.614">
    <failure type="java.lang.AssertionError" message="expected [false] but found [true]">
      <![CDATA[java.lang.AssertionError: expected [false] but found [true]
at com.automationcode_ExtentReports_16thApr_2023.TNLoginTest.clickOnLoginButton(TNLoginTest.java:55)
at java.base/java.util.ArrayList.forEach(ArrayList.java:1511)
... Removed 31 stack frames]]>
    </failure>
  </testcase> <!-- clickOnLoginButton -->
  <testcase classname="com.automationcode_ExtentReports_16thApr_2023.TNLoginTest" name="clickOnLogoutButton" time="0.0">
    <skipped/>
  </testcase> <!-- clickOnLogoutButton -->
</testsuite> <!-- Test -->
