<?xml version="1.0" encoding="UTF-8"?>
<!-- Generated by org.testng.reporters.JUnitXMLReporter -->
<testsuite hostname="SarthakThinkpad" ignored="1" name="Test" tests="40" failures="6" timestamp="16 Apr 2023 17:23:10 GMT" time="328.59" errors="0">
  <testcase name="method2" time="0.006" classname="com.testngcode_9thApr_2003.Demo2"/>
  <testcase name="method22" time="0.0" classname="com.testngcode_9thApr_2003.Demo2"/>
  <testcase name="method222" time="0.0" classname="com.testngcode_9thApr_2003.Demo2"/>
  <testcase name="dropDownTest" time="3.28" classname="com.automationcode_25thMar_2023.Facebook_DropDown"/>
  <testcase name="test" time="5.487" classname="com.automationcode_15thApr_2023.ApplyingInterfaceLogic"/>
  <testcase name="registerPage" time="12.552" classname="com.automationcode_15thApr_2023.TutorialsNinjaListenerRegisterTest"/>
  <testcase name="registerPage" time="11.706" classname="com.automationcode_ExtentReports_16thApr_2023.TNRegisterTest"/>
  <testcase name="logicTest" time="0.003" classname="com.testng_assertions_2ndApr_2023.SoftAssert_Concept">
    <failure type="java.lang.AssertionError" message="The following asserts failed:
	null">
      <![CDATA[java.lang.AssertionError: The following asserts failed:
null
at com.testng_assertions_2ndApr_2023.SoftAssert_Concept.logicTest(SoftAssert_Concept.java:23)
... Removed 30 stack frames]]>
    </failure>
  </testcase> <!-- logicTest -->
  <testcase name="TNRegister" time="10.083" classname="com.testngcode_8thApr_2023.TutorialsNinjaRegisterTest"/>
  <testcase name="mouseActionsTest" time="6.867" classname="com.automationcode_1st_Apr_2023.Actions_Mouse_hovering_rightclick_leftclick"/>
  <testcase name="method1" time="0.0" classname="com.testngcode_9thApr_2003.Demo1"/>
  <testcase name="method11" time="0.001" classname="com.testngcode_9thApr_2003.Demo1"/>
  <testcase name="method111" time="0.0" classname="com.testngcode_9thApr_2003.Demo1"/>
  <testcase name="TNLogin" time="0.0" classname="com.testngcode_8thApr_2023.Parameterize_TN">
    <failure type="org.testng.TestNGException" message="
Parameter &amp;apos;Browser&amp;apos; is required by @Test on method TNLogin but has not been marked @Optional or defined
in C:\Users\sarth\eclipse-workspace\WEEKEND_AUTOMATION_CODE\testng.xml">
      <![CDATA[org.testng.TestNGException: 
Parameter 'Browser' is required by @Test on method TNLogin but has not been marked @Optional or defined
in C:\Users\sarth\eclipse-workspace\WEEKEND_AUTOMATION_CODE\testng.xml
... Removed 28 stack frames]]>
    </failure>
  </testcase> <!-- TNLogin -->
  <testcase name="TNLogin" time="7.446" classname="com.testngcode_8thApr_2023.TutorialsNinjaLoginTest"/>
  <testcase name="method3" time="0.0" classname="com.testngcode_9thApr_2003.Demo3"/>
  <testcase name="method33" time="0.0" classname="com.testngcode_9thApr_2003.Demo3"/>
  <testcase name="method333" time="0.0" classname="com.testngcode_9thApr_2003.Demo3"/>
  <testcase name="clickOnSignInLink" time="1.936" classname="com.automationcode_19thMar_2023.IntroductionToXpaths"/>
  <testcase name="enterLoginCredentials" time="3.862" classname="com.automationcode_19thMar_2023.IntroductionToXpaths"/>
  <testcase name="rediffTest" time="12.702" classname="com.automationcode_5thMar_2023.RediffLogin"/>
  <testcase name="clickOnSignInLink" time="3.732" classname="com.automationcode_25thMar_2023.Rediff_CssSelector"/>
  <testcase name="logOut" time="44.38" classname="com.automationcode_25thMar_2023.Rediff_CssSelector"/>
  <testcase name="loginCredentials" time="7.948" classname="com.automationcode_25thMar_2023.Rediff_CssSelector"/>
  <testcase name="registerPage" time="11.99" classname="com.automationcode_18thMar_2023.TN_Register"/>
  <testcase name="rediffLogin" time="9.901" classname="com.testngcode_8thApr_2023.RediffLoginTest"/>
  <testcase name="rediffLogin" time="0.0" classname="com.testngcode_8thApr_2023.Parameterize_Rediff">
    <failure type="org.testng.TestNGException" message="
Parameter &amp;apos;Browser&amp;apos; is required by @Test on method rediffLogin but has not been marked @Optional or defined
in C:\Users\sarth\eclipse-workspace\WEEKEND_AUTOMATION_CODE\testng.xml">
      <![CDATA[org.testng.TestNGException: 
Parameter 'Browser' is required by @Test on method rediffLogin but has not been marked @Optional or defined
in C:\Users\sarth\eclipse-workspace\WEEKEND_AUTOMATION_CODE\testng.xml
... Removed 28 stack frames]]>
    </failure>
  </testcase> <!-- rediffLogin -->
  <testcase name="rediffCreateAccount" time="10.778" classname="com.testngcode_8thApr_2023.RediffCreateAccountTest">
    <failure type="java.lang.AssertionError" message="The following asserts failed:
	expected [true] but found [false]">
      <![CDATA[java.lang.AssertionError: The following asserts failed:
expected [true] but found [false]
at com.testngcode_8thApr_2023.RediffCreateAccountTest.rediffCreateAccount(RediffCreateAccountTest.java:56)
... Removed 30 stack frames]]>
    </failure>
  </testcase> <!-- rediffCreateAccount -->
  <testcase name="keyBoardActionItems" time="9.098" classname="com.automationcode_1st_Apr_2023.Actions_Keyboard"/>
  <testcase name="logicTest" time="0.0" classname="com.testng_assertions_2ndApr_2023.HardAssert">
    <failure type="java.lang.AssertionError" message="null">
      <![CDATA[java.lang.AssertionError: null
at com.testng_assertions_2ndApr_2023.HardAssert.logicTest(HardAssert.java:20)
... Removed 31 stack frames]]>
    </failure>
  </testcase> <!-- logicTest -->
  <testcase name="handlingFrames" time="2.485" classname="com.automationcode_1st_Apr_2023.Actions_Frame_DragDrop"/>
  <testcase name="TNLoginTest" time="9.296" classname="com.testngcode_9thApr_2023_Retry_Failed_TestCases.TnRediffTest"/>
  <testcase name="rediffLoginTest" time="10.319" classname="com.testngcode_9thApr_2023_Retry_Failed_TestCases.TnRediffTest">
    <skipped/>
  </testcase> <!-- rediffLoginTest -->
  <testcase name="rediffLoginTest" time="10.869" classname="com.testngcode_9thApr_2023_Retry_Failed_TestCases.TnRediffTest">
    <skipped/>
  </testcase> <!-- rediffLoginTest -->
  <testcase name="rediffLoginTest" time="10.828" classname="com.testngcode_9thApr_2023_Retry_Failed_TestCases.TnRediffTest">
    <skipped/>
  </testcase> <!-- rediffLoginTest -->
  <testcase name="rediffLoginTest" time="13.2" classname="com.testngcode_9thApr_2023_Retry_Failed_TestCases.TnRediffTest">
    <failure type="java.lang.AssertionError" message="null">
      <![CDATA[java.lang.AssertionError: null
at com.testngcode_9thApr_2023_Retry_Failed_TestCases.TnRediffTest.rediffLoginTest(TnRediffTest.java:21)
... Removed 31 stack frames]]>
    </failure>
  </testcase> <!-- rediffLoginTest -->
  <testcase name="completeLogin" time="0.623" classname="com.automationcode_25thMar_2023.Tn_CssSelector"/>
  <testcase name="TNLoginChromeTest" time="12.292" classname="com.testngcode_9thApr_2003.TNLogin"/>
  <testcase name="TNLoginEdgeTest" time="9.803" classname="com.testngcode_9thApr_2003.TNLogin"/>
  <testcase name="TNLoginFirefoxTest" time="11.124" classname="com.testngcode_9thApr_2003.TNLogin"/>
  <testcase name="clickOnRediffHomeLink" time="0.0" classname="com.automationcode_15thApr_2023.RediffListenerLoginTest">
    <ignored/>
  </testcase> <!-- clickOnRediffHomeLink -->
</testsuite> <!-- Test -->
