<html>
<head>
<title>TestNG:  Test</title>
<link href="../testng.css" rel="stylesheet" type="text/css" />
<link href="../my-testng.css" rel="stylesheet" type="text/css" />

<style type="text/css">
.log { display: none;} 
.stack-trace { display: none;} 
</style>
<script type="text/javascript">
<!--
function flip(e) {
  current = e.style.display;
  if (current == 'block') {
    e.style.display = 'none';
    return 0;
  }
  else {
    e.style.display = 'block';
    return 1;
  }
}

function toggleBox(szDivId, elem, msg1, msg2)
{
  var res = -1;  if (document.getElementById) {
    res = flip(document.getElementById(szDivId));
  }
  else if (document.all) {
    // this is the way old msie versions work
    res = flip(document.all[szDivId]);
  }
  if(elem) {
    if(res == 0) elem.innerHTML = msg1; else elem.innerHTML = msg2;
  }

}

function toggleAllBoxes() {
  if (document.getElementsByTagName) {
    d = document.getElementsByTagName('div');
    for (i = 0; i < d.length; i++) {
      if (d[i].className == 'log') {
        flip(d[i]);
      }
    }
  }
}

// -->
</script>

</head>
<body>
<h2 align='center'>Test</h2><table border='1' align="center">
<tr>
<td>Tests passed/Failed/Skipped:</td><td>31/6/3</td>
</tr><tr>
<td>Started on:</td><td>Sun Apr 16 13:17:41 EDT 2023</td>
</tr>
<tr><td>Total time:</td><td>328 seconds (328590 ms)</td>
</tr><tr>
<td>Included groups:</td><td></td>
</tr><tr>
<td>Excluded groups:</td><td></td>
</tr>
</table><p/>
<small><i>(Hover the method name to see the test class name)</i></small><p/>
<table width='100%' border='1' class='invocation-failed'>
<tr><td colspan='4' align='center'><b>FAILED TESTS</b></td></tr>
<tr><td><b>Test method</b></td>
<td width="30%"><b>Exception</b></td>
<td width="10%"><b>Time (seconds)</b></td>
<td><b>Instance</b></td>
</tr>
<tr>
<td title='com.testngcode_8thApr_2023.Parameterize_TN.TNLogin()'><b>TNLogin</b><br>Test class: com.testngcode_8thApr_2023.Parameterize_TN</td>
<td><div><pre>org.testng.TestNGException: 
Parameter &apos;Browser&apos; is required by @Test on method TNLogin but has not been marked @Optional or defined
in C:\Users\sarth\eclipse-workspace\WEEKEND_AUTOMATION_CODE\testng.xml
... Removed 28 stack frames</pre></div><a href='#' onClick='toggleBox("stack-trace2048888303", this, "Click to show all stack frames", "Click to hide stack frames")'>Click to show all stack frames</a>
<div class='stack-trace' id='stack-trace2048888303'><pre>org.testng.TestNGException: 
Parameter &apos;Browser&apos; is required by @Test on method TNLogin but has not been marked @Optional or defined
in C:\Users\sarth\eclipse-workspace\WEEKEND_AUTOMATION_CODE\testng.xml
	at org.testng.internal.Parameters.createParams(Parameters.java:290)
	at org.testng.internal.Parameters.createParametersForMethod(Parameters.java:359)
	at org.testng.internal.Parameters.createParameters(Parameters.java:620)
	at org.testng.internal.Parameters.handleParameters(Parameters.java:769)
	at org.testng.internal.ParameterHandler.handleParameters(ParameterHandler.java:49)
	at org.testng.internal.ParameterHandler.createParameters(ParameterHandler.java:37)
	at org.testng.internal.Invoker.invokeTestMethods(Invoker.java:924)
	at org.testng.internal.TestMethodWorker.invokeTestMethods(TestMethodWorker.java:125)
	at org.testng.internal.TestMethodWorker.run(TestMethodWorker.java:109)
	at org.testng.TestRunner.privateRun(TestRunner.java:648)
	at org.testng.TestRunner.run(TestRunner.java:505)
	at org.testng.SuiteRunner.runTest(SuiteRunner.java:455)
	at org.testng.SuiteRunner.runSequentially(SuiteRunner.java:450)
	at org.testng.SuiteRunner.privateRun(SuiteRunner.java:415)
	at org.testng.SuiteRunner.run(SuiteRunner.java:364)
	at org.testng.SuiteRunnerWorker.runSuite(SuiteRunnerWorker.java:52)
	at org.testng.SuiteRunnerWorker.run(SuiteRunnerWorker.java:84)
	at org.testng.TestNG.runSuitesSequentially(TestNG.java:1208)
	at org.testng.TestNG.runSuitesLocally(TestNG.java:1137)
	at org.testng.TestNG.runSuites(TestNG.java:1049)
	at org.testng.TestNG.run(TestNG.java:1017)
	at org.apache.maven.surefire.testng.TestNGExecutor.run(TestNGExecutor.java:324)
	at org.apache.maven.surefire.testng.TestNGXmlTestSuite.execute(TestNGXmlTestSuite.java:74)
	at org.apache.maven.surefire.testng.TestNGProvider.invoke(TestNGProvider.java:123)
	at org.apache.maven.surefire.booter.ForkedBooter.runSuitesInProcess(ForkedBooter.java:456)
	at org.apache.maven.surefire.booter.ForkedBooter.execute(ForkedBooter.java:169)
	at org.apache.maven.surefire.booter.ForkedBooter.run(ForkedBooter.java:595)
	at org.apache.maven.surefire.booter.ForkedBooter.main(ForkedBooter.java:581)
</pre></div></td>
<td>0</td>
<td>com.testngcode_8thApr_2023.Parameterize_TN@689604d9</td></tr>
<tr>
<td title='com.testng_assertions_2ndApr_2023.SoftAssert_Concept.logicTest()'><b>logicTest</b><br>Test class: com.testng_assertions_2ndApr_2023.SoftAssert_Concept</td>
<td><div><pre>java.lang.AssertionError: The following asserts failed:
	null
	at com.testng_assertions_2ndApr_2023.SoftAssert_Concept.logicTest(SoftAssert_Concept.java:23)
... Removed 30 stack frames</pre></div><a href='#' onClick='toggleBox("stack-trace1499825229", this, "Click to show all stack frames", "Click to hide stack frames")'>Click to show all stack frames</a>
<div class='stack-trace' id='stack-trace1499825229'><pre>java.lang.AssertionError: The following asserts failed:
	null
	at org.testng.asserts.SoftAssert.assertAll(SoftAssert.java:43)
	at com.testng_assertions_2ndApr_2023.SoftAssert_Concept.logicTest(SoftAssert_Concept.java:23)
	at sun.reflect.NativeMethodAccessorImpl.invoke0(Native Method)
	at sun.reflect.NativeMethodAccessorImpl.invoke(NativeMethodAccessorImpl.java:62)
	at sun.reflect.DelegatingMethodAccessorImpl.invoke(DelegatingMethodAccessorImpl.java:43)
	at java.lang.reflect.Method.invoke(Method.java:498)
	at org.testng.internal.MethodInvocationHelper.invokeMethod(MethodInvocationHelper.java:124)
	at org.testng.internal.Invoker.invokeMethod(Invoker.java:583)
	at org.testng.internal.Invoker.invokeTestMethod(Invoker.java:719)
	at org.testng.internal.Invoker.invokeTestMethods(Invoker.java:989)
	at org.testng.internal.TestMethodWorker.invokeTestMethods(TestMethodWorker.java:125)
	at org.testng.internal.TestMethodWorker.run(TestMethodWorker.java:109)
	at org.testng.TestRunner.privateRun(TestRunner.java:648)
	at org.testng.TestRunner.run(TestRunner.java:505)
	at org.testng.SuiteRunner.runTest(SuiteRunner.java:455)
	at org.testng.SuiteRunner.runSequentially(SuiteRunner.java:450)
	at org.testng.SuiteRunner.privateRun(SuiteRunner.java:415)
	at org.testng.SuiteRunner.run(SuiteRunner.java:364)
	at org.testng.SuiteRunnerWorker.runSuite(SuiteRunnerWorker.java:52)
	at org.testng.SuiteRunnerWorker.run(SuiteRunnerWorker.java:84)
	at org.testng.TestNG.runSuitesSequentially(TestNG.java:1208)
	at org.testng.TestNG.runSuitesLocally(TestNG.java:1137)
	at org.testng.TestNG.runSuites(TestNG.java:1049)
	at org.testng.TestNG.run(TestNG.java:1017)
	at org.apache.maven.surefire.testng.TestNGExecutor.run(TestNGExecutor.java:324)
	at org.apache.maven.surefire.testng.TestNGXmlTestSuite.execute(TestNGXmlTestSuite.java:74)
	at org.apache.maven.surefire.testng.TestNGProvider.invoke(TestNGProvider.java:123)
	at org.apache.maven.surefire.booter.ForkedBooter.runSuitesInProcess(ForkedBooter.java:456)
	at org.apache.maven.surefire.booter.ForkedBooter.execute(ForkedBooter.java:169)
	at org.apache.maven.surefire.booter.ForkedBooter.run(ForkedBooter.java:595)
	at org.apache.maven.surefire.booter.ForkedBooter.main(ForkedBooter.java:581)
</pre></div></td>
<td>0</td>
<td>com.testng_assertions_2ndApr_2023.SoftAssert_Concept@4c583ecf</td></tr>
<tr>
<td title='com.testng_assertions_2ndApr_2023.HardAssert.logicTest()'><b>logicTest</b><br>Test class: com.testng_assertions_2ndApr_2023.HardAssert</td>
<td><div><pre>java.lang.AssertionError: null
	at com.testng_assertions_2ndApr_2023.HardAssert.logicTest(HardAssert.java:20)
... Removed 31 stack frames</pre></div><a href='#' onClick='toggleBox("stack-trace760878472", this, "Click to show all stack frames", "Click to hide stack frames")'>Click to show all stack frames</a>
<div class='stack-trace' id='stack-trace760878472'><pre>java.lang.AssertionError: null
	at org.testng.Assert.fail(Assert.java:96)
	at org.testng.Assert.fail(Assert.java:103)
	at com.testng_assertions_2ndApr_2023.HardAssert.logicTest(HardAssert.java:20)
	at sun.reflect.NativeMethodAccessorImpl.invoke0(Native Method)
	at sun.reflect.NativeMethodAccessorImpl.invoke(NativeMethodAccessorImpl.java:62)
	at sun.reflect.DelegatingMethodAccessorImpl.invoke(DelegatingMethodAccessorImpl.java:43)
	at java.lang.reflect.Method.invoke(Method.java:498)
	at org.testng.internal.MethodInvocationHelper.invokeMethod(MethodInvocationHelper.java:124)
	at org.testng.internal.Invoker.invokeMethod(Invoker.java:583)
	at org.testng.internal.Invoker.invokeTestMethod(Invoker.java:719)
	at org.testng.internal.Invoker.invokeTestMethods(Invoker.java:989)
	at org.testng.internal.TestMethodWorker.invokeTestMethods(TestMethodWorker.java:125)
	at org.testng.internal.TestMethodWorker.run(TestMethodWorker.java:109)
	at org.testng.TestRunner.privateRun(TestRunner.java:648)
	at org.testng.TestRunner.run(TestRunner.java:505)
	at org.testng.SuiteRunner.runTest(SuiteRunner.java:455)
	at org.testng.SuiteRunner.runSequentially(SuiteRunner.java:450)
	at org.testng.SuiteRunner.privateRun(SuiteRunner.java:415)
	at org.testng.SuiteRunner.run(SuiteRunner.java:364)
	at org.testng.SuiteRunnerWorker.runSuite(SuiteRunnerWorker.java:52)
	at org.testng.SuiteRunnerWorker.run(SuiteRunnerWorker.java:84)
	at org.testng.TestNG.runSuitesSequentially(TestNG.java:1208)
	at org.testng.TestNG.runSuitesLocally(TestNG.java:1137)
	at org.testng.TestNG.runSuites(TestNG.java:1049)
	at org.testng.TestNG.run(TestNG.java:1017)
	at org.apache.maven.surefire.testng.TestNGExecutor.run(TestNGExecutor.java:324)
	at org.apache.maven.surefire.testng.TestNGXmlTestSuite.execute(TestNGXmlTestSuite.java:74)
	at org.apache.maven.surefire.testng.TestNGProvider.invoke(TestNGProvider.java:123)
	at org.apache.maven.surefire.booter.ForkedBooter.runSuitesInProcess(ForkedBooter.java:456)
	at org.apache.maven.surefire.booter.ForkedBooter.execute(ForkedBooter.java:169)
	at org.apache.maven.surefire.booter.ForkedBooter.run(ForkedBooter.java:595)
	at org.apache.maven.surefire.booter.ForkedBooter.main(ForkedBooter.java:581)
</pre></div></td>
<td>0</td>
<td>com.testng_assertions_2ndApr_2023.HardAssert@47eaca72</td></tr>
<tr>
<td title='com.testngcode_8thApr_2023.RediffCreateAccountTest.rediffCreateAccount()'><b>rediffCreateAccount</b><br>Test class: com.testngcode_8thApr_2023.RediffCreateAccountTest</td>
<td><div><pre>java.lang.AssertionError: The following asserts failed:
	expected [true] but found [false]
	at com.testngcode_8thApr_2023.RediffCreateAccountTest.rediffCreateAccount(RediffCreateAccountTest.java:56)
... Removed 30 stack frames</pre></div><a href='#' onClick='toggleBox("stack-trace1329043305", this, "Click to show all stack frames", "Click to hide stack frames")'>Click to show all stack frames</a>
<div class='stack-trace' id='stack-trace1329043305'><pre>java.lang.AssertionError: The following asserts failed:
	expected [true] but found [false]
	at org.testng.asserts.SoftAssert.assertAll(SoftAssert.java:43)
	at com.testngcode_8thApr_2023.RediffCreateAccountTest.rediffCreateAccount(RediffCreateAccountTest.java:56)
	at sun.reflect.NativeMethodAccessorImpl.invoke0(Native Method)
	at sun.reflect.NativeMethodAccessorImpl.invoke(NativeMethodAccessorImpl.java:62)
	at sun.reflect.DelegatingMethodAccessorImpl.invoke(DelegatingMethodAccessorImpl.java:43)
	at java.lang.reflect.Method.invoke(Method.java:498)
	at org.testng.internal.MethodInvocationHelper.invokeMethod(MethodInvocationHelper.java:124)
	at org.testng.internal.Invoker.invokeMethod(Invoker.java:583)
	at org.testng.internal.Invoker.invokeTestMethod(Invoker.java:719)
	at org.testng.internal.Invoker.invokeTestMethods(Invoker.java:989)
	at org.testng.internal.TestMethodWorker.invokeTestMethods(TestMethodWorker.java:125)
	at org.testng.internal.TestMethodWorker.run(TestMethodWorker.java:109)
	at org.testng.TestRunner.privateRun(TestRunner.java:648)
	at org.testng.TestRunner.run(TestRunner.java:505)
	at org.testng.SuiteRunner.runTest(SuiteRunner.java:455)
	at org.testng.SuiteRunner.runSequentially(SuiteRunner.java:450)
	at org.testng.SuiteRunner.privateRun(SuiteRunner.java:415)
	at org.testng.SuiteRunner.run(SuiteRunner.java:364)
	at org.testng.SuiteRunnerWorker.runSuite(SuiteRunnerWorker.java:52)
	at org.testng.SuiteRunnerWorker.run(SuiteRunnerWorker.java:84)
	at org.testng.TestNG.runSuitesSequentially(TestNG.java:1208)
	at org.testng.TestNG.runSuitesLocally(TestNG.java:1137)
	at org.testng.TestNG.runSuites(TestNG.java:1049)
	at org.testng.TestNG.run(TestNG.java:1017)
	at org.apache.maven.surefire.testng.TestNGExecutor.run(TestNGExecutor.java:324)
	at org.apache.maven.surefire.testng.TestNGXmlTestSuite.execute(TestNGXmlTestSuite.java:74)
	at org.apache.maven.surefire.testng.TestNGProvider.invoke(TestNGProvider.java:123)
	at org.apache.maven.surefire.booter.ForkedBooter.runSuitesInProcess(ForkedBooter.java:456)
	at org.apache.maven.surefire.booter.ForkedBooter.execute(ForkedBooter.java:169)
	at org.apache.maven.surefire.booter.ForkedBooter.run(ForkedBooter.java:595)
	at org.apache.maven.surefire.booter.ForkedBooter.main(ForkedBooter.java:581)
</pre></div></td>
<td>10</td>
<td>com.testngcode_8thApr_2023.RediffCreateAccountTest@1aafa419</td></tr>
<tr>
<td title='com.testngcode_8thApr_2023.Parameterize_Rediff.rediffLogin()'><b>rediffLogin</b><br>Test class: com.testngcode_8thApr_2023.Parameterize_Rediff</td>
<td><div><pre>org.testng.TestNGException: 
Parameter &apos;Browser&apos; is required by @Test on method rediffLogin but has not been marked @Optional or defined
in C:\Users\sarth\eclipse-workspace\WEEKEND_AUTOMATION_CODE\testng.xml
... Removed 28 stack frames</pre></div><a href='#' onClick='toggleBox("stack-trace1478835287", this, "Click to show all stack frames", "Click to hide stack frames")'>Click to show all stack frames</a>
<div class='stack-trace' id='stack-trace1478835287'><pre>org.testng.TestNGException: 
Parameter &apos;Browser&apos; is required by @Test on method rediffLogin but has not been marked @Optional or defined
in C:\Users\sarth\eclipse-workspace\WEEKEND_AUTOMATION_CODE\testng.xml
	at org.testng.internal.Parameters.createParams(Parameters.java:290)
	at org.testng.internal.Parameters.createParametersForMethod(Parameters.java:359)
	at org.testng.internal.Parameters.createParameters(Parameters.java:620)
	at org.testng.internal.Parameters.handleParameters(Parameters.java:769)
	at org.testng.internal.ParameterHandler.handleParameters(ParameterHandler.java:49)
	at org.testng.internal.ParameterHandler.createParameters(ParameterHandler.java:37)
	at org.testng.internal.Invoker.invokeTestMethods(Invoker.java:924)
	at org.testng.internal.TestMethodWorker.invokeTestMethods(TestMethodWorker.java:125)
	at org.testng.internal.TestMethodWorker.run(TestMethodWorker.java:109)
	at org.testng.TestRunner.privateRun(TestRunner.java:648)
	at org.testng.TestRunner.run(TestRunner.java:505)
	at org.testng.SuiteRunner.runTest(SuiteRunner.java:455)
	at org.testng.SuiteRunner.runSequentially(SuiteRunner.java:450)
	at org.testng.SuiteRunner.privateRun(SuiteRunner.java:415)
	at org.testng.SuiteRunner.run(SuiteRunner.java:364)
	at org.testng.SuiteRunnerWorker.runSuite(SuiteRunnerWorker.java:52)
	at org.testng.SuiteRunnerWorker.run(SuiteRunnerWorker.java:84)
	at org.testng.TestNG.runSuitesSequentially(TestNG.java:1208)
	at org.testng.TestNG.runSuitesLocally(TestNG.java:1137)
	at org.testng.TestNG.runSuites(TestNG.java:1049)
	at org.testng.TestNG.run(TestNG.java:1017)
	at org.apache.maven.surefire.testng.TestNGExecutor.run(TestNGExecutor.java:324)
	at org.apache.maven.surefire.testng.TestNGXmlTestSuite.execute(TestNGXmlTestSuite.java:74)
	at org.apache.maven.surefire.testng.TestNGProvider.invoke(TestNGProvider.java:123)
	at org.apache.maven.surefire.booter.ForkedBooter.runSuitesInProcess(ForkedBooter.java:456)
	at org.apache.maven.surefire.booter.ForkedBooter.execute(ForkedBooter.java:169)
	at org.apache.maven.surefire.booter.ForkedBooter.run(ForkedBooter.java:595)
	at org.apache.maven.surefire.booter.ForkedBooter.main(ForkedBooter.java:581)
</pre></div></td>
<td>0</td>
<td>com.testngcode_8thApr_2023.Parameterize_Rediff@459e9125</td></tr>
<tr>
<td title='com.testngcode_9thApr_2023_Retry_Failed_TestCases.TnRediffTest.rediffLoginTest()'><b>rediffLoginTest</b><br>Test class: com.testngcode_9thApr_2023_Retry_Failed_TestCases.TnRediffTest</td>
<td><div><pre>java.lang.AssertionError: null
	at com.testngcode_9thApr_2023_Retry_Failed_TestCases.TnRediffTest.rediffLoginTest(TnRediffTest.java:21)
... Removed 31 stack frames</pre></div><a href='#' onClick='toggleBox("stack-trace2041435954", this, "Click to show all stack frames", "Click to hide stack frames")'>Click to show all stack frames</a>
<div class='stack-trace' id='stack-trace2041435954'><pre>java.lang.AssertionError: null
	at org.testng.Assert.fail(Assert.java:96)
	at org.testng.Assert.fail(Assert.java:103)
	at com.testngcode_9thApr_2023_Retry_Failed_TestCases.TnRediffTest.rediffLoginTest(TnRediffTest.java:21)
	at sun.reflect.NativeMethodAccessorImpl.invoke0(Native Method)
	at sun.reflect.NativeMethodAccessorImpl.invoke(NativeMethodAccessorImpl.java:62)
	at sun.reflect.DelegatingMethodAccessorImpl.invoke(DelegatingMethodAccessorImpl.java:43)
	at java.lang.reflect.Method.invoke(Method.java:498)
	at org.testng.internal.MethodInvocationHelper.invokeMethod(MethodInvocationHelper.java:124)
	at org.testng.internal.Invoker.invokeMethod(Invoker.java:583)
	at org.testng.internal.Invoker.retryFailed(Invoker.java:839)
	at org.testng.internal.Invoker.invokeTestMethods(Invoker.java:1010)
	at org.testng.internal.TestMethodWorker.invokeTestMethods(TestMethodWorker.java:125)
	at org.testng.internal.TestMethodWorker.run(TestMethodWorker.java:109)
	at org.testng.TestRunner.privateRun(TestRunner.java:648)
	at org.testng.TestRunner.run(TestRunner.java:505)
	at org.testng.SuiteRunner.runTest(SuiteRunner.java:455)
	at org.testng.SuiteRunner.runSequentially(SuiteRunner.java:450)
	at org.testng.SuiteRunner.privateRun(SuiteRunner.java:415)
	at org.testng.SuiteRunner.run(SuiteRunner.java:364)
	at org.testng.SuiteRunnerWorker.runSuite(SuiteRunnerWorker.java:52)
	at org.testng.SuiteRunnerWorker.run(SuiteRunnerWorker.java:84)
	at org.testng.TestNG.runSuitesSequentially(TestNG.java:1208)
	at org.testng.TestNG.runSuitesLocally(TestNG.java:1137)
	at org.testng.TestNG.runSuites(TestNG.java:1049)
	at org.testng.TestNG.run(TestNG.java:1017)
	at org.apache.maven.surefire.testng.TestNGExecutor.run(TestNGExecutor.java:324)
	at org.apache.maven.surefire.testng.TestNGXmlTestSuite.execute(TestNGXmlTestSuite.java:74)
	at org.apache.maven.surefire.testng.TestNGProvider.invoke(TestNGProvider.java:123)
	at org.apache.maven.surefire.booter.ForkedBooter.runSuitesInProcess(ForkedBooter.java:456)
	at org.apache.maven.surefire.booter.ForkedBooter.execute(ForkedBooter.java:169)
	at org.apache.maven.surefire.booter.ForkedBooter.run(ForkedBooter.java:595)
	at org.apache.maven.surefire.booter.ForkedBooter.main(ForkedBooter.java:581)
</pre></div></td>
<td>13</td>
<td>com.testngcode_9thApr_2023_Retry_Failed_TestCases.TnRediffTest@55141def</td></tr>
</table><p>
<table width='100%' border='1' class='invocation-passed'>
<tr><td colspan='4' align='center'><b>PASSED TESTS</b></td></tr>
<tr><td><b>Test method</b></td>
<td width="30%"><b>Exception</b></td>
<td width="10%"><b>Time (seconds)</b></td>
<td><b>Instance</b></td>
</tr>
<tr>
<td title='com.testngcode_8thApr_2023.TutorialsNinjaLoginTest.TNLogin()'><b>TNLogin</b><br>Test class: com.testngcode_8thApr_2023.TutorialsNinjaLoginTest</td>
<td></td>
<td>7</td>
<td>com.testngcode_8thApr_2023.TutorialsNinjaLoginTest@18078bef</td></tr>
<tr>
<td title='com.testngcode_9thApr_2003.TNLogin.TNLoginChromeTest()'><b>TNLoginChromeTest</b><br>Test class: com.testngcode_9thApr_2003.TNLogin<br>Parameters: seleniumpanda@gmail.com, Selenium@123</td>
<td></td>
<td>12</td>
<td>com.testngcode_9thApr_2003.TNLogin@3270d194</td></tr>
<tr>
<td title='com.testngcode_9thApr_2003.TNLogin.TNLoginEdgeTest()'><b>TNLoginEdgeTest</b><br>Test class: com.testngcode_9thApr_2003.TNLogin<br>Parameters: seleniumpanda@gmail.com, Selenium@123</td>
<td></td>
<td>9</td>
<td>com.testngcode_9thApr_2003.TNLogin@3270d194</td></tr>
<tr>
<td title='com.testngcode_9thApr_2003.TNLogin.TNLoginFirefoxTest()'><b>TNLoginFirefoxTest</b><br>Test class: com.testngcode_9thApr_2003.TNLogin<br>Parameters: seleniumpanda@gmail.com, Selenium@123</td>
<td></td>
<td>11</td>
<td>com.testngcode_9thApr_2003.TNLogin@3270d194</td></tr>
<tr>
<td title='com.testngcode_9thApr_2023_Retry_Failed_TestCases.TnRediffTest.TNLoginTest()'><b>TNLoginTest</b><br>Test class: com.testngcode_9thApr_2023_Retry_Failed_TestCases.TnRediffTest</td>
<td></td>
<td>9</td>
<td>com.testngcode_9thApr_2023_Retry_Failed_TestCases.TnRediffTest@55141def</td></tr>
<tr>
<td title='com.testngcode_8thApr_2023.TutorialsNinjaRegisterTest.TNRegister()'><b>TNRegister</b><br>Test class: com.testngcode_8thApr_2023.TutorialsNinjaRegisterTest</td>
<td></td>
<td>10</td>
<td>com.testngcode_8thApr_2023.TutorialsNinjaRegisterTest@55b699ef</td></tr>
<tr>
<td title='com.automationcode_19thMar_2023.IntroductionToXpaths.clickOnSignInLink()'><b>clickOnSignInLink</b><br>Test class: com.automationcode_19thMar_2023.IntroductionToXpaths</td>
<td></td>
<td>1</td>
<td>com.automationcode_19thMar_2023.IntroductionToXpaths@4135c3b</td></tr>
<tr>
<td title='com.automationcode_25thMar_2023.Rediff_CssSelector.clickOnSignInLink()'><b>clickOnSignInLink</b><br>Test class: com.automationcode_25thMar_2023.Rediff_CssSelector</td>
<td></td>
<td>3</td>
<td>com.automationcode_25thMar_2023.Rediff_CssSelector@a1153bc</td></tr>
<tr>
<td title='com.automationcode_25thMar_2023.Tn_CssSelector.completeLogin()'><b>completeLogin</b><br>Test class: com.automationcode_25thMar_2023.Tn_CssSelector</td>
<td></td>
<td>0</td>
<td>com.automationcode_25thMar_2023.Tn_CssSelector@55182842</td></tr>
<tr>
<td title='com.automationcode_25thMar_2023.Facebook_DropDown.dropDownTest()'><b>dropDownTest</b><br>Test class: com.automationcode_25thMar_2023.Facebook_DropDown</td>
<td></td>
<td>3</td>
<td>com.automationcode_25thMar_2023.Facebook_DropDown@4d5d943d</td></tr>
<tr>
<td title='com.automationcode_19thMar_2023.IntroductionToXpaths.enterLoginCredentials()'><b>enterLoginCredentials</b><br>Test class: com.automationcode_19thMar_2023.IntroductionToXpaths</td>
<td></td>
<td>3</td>
<td>com.automationcode_19thMar_2023.IntroductionToXpaths@4135c3b</td></tr>
<tr>
<td title='com.automationcode_1st_Apr_2023.Actions_Frame_DragDrop.handlingFrames()'><b>handlingFrames</b><br>Test class: com.automationcode_1st_Apr_2023.Actions_Frame_DragDrop</td>
<td></td>
<td>2</td>
<td>com.automationcode_1st_Apr_2023.Actions_Frame_DragDrop@7cc0cdad</td></tr>
<tr>
<td title='com.automationcode_1st_Apr_2023.Actions_Keyboard.keyBoardActionItems()'><b>keyBoardActionItems</b><br>Test class: com.automationcode_1st_Apr_2023.Actions_Keyboard</td>
<td></td>
<td>9</td>
<td>com.automationcode_1st_Apr_2023.Actions_Keyboard@128d2484</td></tr>
<tr>
<td title='com.automationcode_25thMar_2023.Rediff_CssSelector.logOut()'><b>logOut</b><br>Test class: com.automationcode_25thMar_2023.Rediff_CssSelector</td>
<td></td>
<td>44</td>
<td>com.automationcode_25thMar_2023.Rediff_CssSelector@a1153bc</td></tr>
<tr>
<td title='com.automationcode_25thMar_2023.Rediff_CssSelector.loginCredentials()'><b>loginCredentials</b><br>Test class: com.automationcode_25thMar_2023.Rediff_CssSelector</td>
<td></td>
<td>7</td>
<td>com.automationcode_25thMar_2023.Rediff_CssSelector@a1153bc</td></tr>
<tr>
<td title='com.testngcode_9thApr_2003.Demo1.method1()'><b>method1</b><br>Test class: com.testngcode_9thApr_2003.Demo1</td>
<td></td>
<td>0</td>
<td>com.testngcode_9thApr_2003.Demo1@35d019a3</td></tr>
<tr>
<td title='com.testngcode_9thApr_2003.Demo1.method11()'><b>method11</b><br>Test class: com.testngcode_9thApr_2003.Demo1</td>
<td></td>
<td>0</td>
<td>com.testngcode_9thApr_2003.Demo1@35d019a3</td></tr>
<tr>
<td title='com.testngcode_9thApr_2003.Demo1.method111()'><b>method111</b><br>Test class: com.testngcode_9thApr_2003.Demo1</td>
<td></td>
<td>0</td>
<td>com.testngcode_9thApr_2003.Demo1@35d019a3</td></tr>
<tr>
<td title='com.testngcode_9thApr_2003.Demo2.method2()'><b>method2</b><br>Test class: com.testngcode_9thApr_2003.Demo2</td>
<td></td>
<td>0</td>
<td>com.testngcode_9thApr_2003.Demo2@49e53c76</td></tr>
<tr>
<td title='com.testngcode_9thApr_2003.Demo2.method22()'><b>method22</b><br>Test class: com.testngcode_9thApr_2003.Demo2</td>
<td></td>
<td>0</td>
<td>com.testngcode_9thApr_2003.Demo2@49e53c76</td></tr>
<tr>
<td title='com.testngcode_9thApr_2003.Demo2.method222()'><b>method222</b><br>Test class: com.testngcode_9thApr_2003.Demo2</td>
<td></td>
<td>0</td>
<td>com.testngcode_9thApr_2003.Demo2@49e53c76</td></tr>
<tr>
<td title='com.testngcode_9thApr_2003.Demo3.method3()'><b>method3</b><br>Test class: com.testngcode_9thApr_2003.Demo3</td>
<td></td>
<td>0</td>
<td>com.testngcode_9thApr_2003.Demo3@3023df74</td></tr>
<tr>
<td title='com.testngcode_9thApr_2003.Demo3.method33()'><b>method33</b><br>Test class: com.testngcode_9thApr_2003.Demo3</td>
<td></td>
<td>0</td>
<td>com.testngcode_9thApr_2003.Demo3@3023df74</td></tr>
<tr>
<td title='com.testngcode_9thApr_2003.Demo3.method333()'><b>method333</b><br>Test class: com.testngcode_9thApr_2003.Demo3</td>
<td></td>
<td>0</td>
<td>com.testngcode_9thApr_2003.Demo3@3023df74</td></tr>
<tr>
<td title='com.automationcode_1st_Apr_2023.Actions_Mouse_hovering_rightclick_leftclick.mouseActionsTest()'><b>mouseActionsTest</b><br>Test class: com.automationcode_1st_Apr_2023.Actions_Mouse_hovering_rightclick_leftclick</td>
<td></td>
<td>6</td>
<td>com.automationcode_1st_Apr_2023.Actions_Mouse_hovering_rightclick_leftclick@692f203f</td></tr>
<tr>
<td title='com.testngcode_8thApr_2023.RediffLoginTest.rediffLogin()'><b>rediffLogin</b><br>Test class: com.testngcode_8thApr_2023.RediffLoginTest</td>
<td></td>
<td>9</td>
<td>com.testngcode_8thApr_2023.RediffLoginTest@313ac989</td></tr>
<tr>
<td title='com.automationcode_5thMar_2023.RediffLogin.rediffTest()'><b>rediffTest</b><br>Test class: com.automationcode_5thMar_2023.RediffLogin</td>
<td></td>
<td>12</td>
<td>com.automationcode_5thMar_2023.RediffLogin@6f1de4c7</td></tr>
<tr>
<td title='com.automationcode_15thApr_2023.TutorialsNinjaListenerRegisterTest.registerPage()'><b>registerPage</b><br>Test class: com.automationcode_15thApr_2023.TutorialsNinjaListenerRegisterTest</td>
<td></td>
<td>12</td>
<td>com.automationcode_15thApr_2023.TutorialsNinjaListenerRegisterTest@368f2016</td></tr>
<tr>
<td title='com.automationcode_ExtentReports_16thApr_2023.TNRegisterTest.registerPage()'><b>registerPage</b><br>Test class: com.automationcode_ExtentReports_16thApr_2023.TNRegisterTest</td>
<td></td>
<td>11</td>
<td>com.automationcode_ExtentReports_16thApr_2023.TNRegisterTest@2a3b5b47</td></tr>
<tr>
<td title='com.automationcode_18thMar_2023.TN_Register.registerPage()'><b>registerPage</b><br>Test class: com.automationcode_18thMar_2023.TN_Register</td>
<td></td>
<td>11</td>
<td>com.automationcode_18thMar_2023.TN_Register@4218d6a3</td></tr>
<tr>
<td title='com.automationcode_15thApr_2023.ApplyingInterfaceLogic.test()'><b>test</b><br>Test class: com.automationcode_15thApr_2023.ApplyingInterfaceLogic</td>
<td></td>
<td>5</td>
<td>com.automationcode_15thApr_2023.ApplyingInterfaceLogic@351d00c0</td></tr>
</table><p>
<table width='100%' border='1' class='invocation-skipped'>
<tr><td colspan='4' align='center'><b>SKIPPED TESTS</b></td></tr>
<tr><td><b>Test method</b></td>
<td width="30%"><b>Exception</b></td>
<td width="10%"><b>Time (seconds)</b></td>
<td><b>Instance</b></td>
</tr>
<tr>
<td title='com.testngcode_9thApr_2023_Retry_Failed_TestCases.TnRediffTest.rediffLoginTest()'><b>rediffLoginTest</b><br>Test class: com.testngcode_9thApr_2023_Retry_Failed_TestCases.TnRediffTest</td>
<td><div><pre>java.lang.AssertionError: null
	at com.testngcode_9thApr_2023_Retry_Failed_TestCases.TnRediffTest.rediffLoginTest(TnRediffTest.java:21)
... Removed 31 stack frames</pre></div><a href='#' onClick='toggleBox("stack-trace697707311", this, "Click to show all stack frames", "Click to hide stack frames")'>Click to show all stack frames</a>
<div class='stack-trace' id='stack-trace697707311'><pre>java.lang.AssertionError: null
	at org.testng.Assert.fail(Assert.java:96)
	at org.testng.Assert.fail(Assert.java:103)
	at com.testngcode_9thApr_2023_Retry_Failed_TestCases.TnRediffTest.rediffLoginTest(TnRediffTest.java:21)
	at sun.reflect.NativeMethodAccessorImpl.invoke0(Native Method)
	at sun.reflect.NativeMethodAccessorImpl.invoke(NativeMethodAccessorImpl.java:62)
	at sun.reflect.DelegatingMethodAccessorImpl.invoke(DelegatingMethodAccessorImpl.java:43)
	at java.lang.reflect.Method.invoke(Method.java:498)
	at org.testng.internal.MethodInvocationHelper.invokeMethod(MethodInvocationHelper.java:124)
	at org.testng.internal.Invoker.invokeMethod(Invoker.java:583)
	at org.testng.internal.Invoker.invokeTestMethod(Invoker.java:719)
	at org.testng.internal.Invoker.invokeTestMethods(Invoker.java:989)
	at org.testng.internal.TestMethodWorker.invokeTestMethods(TestMethodWorker.java:125)
	at org.testng.internal.TestMethodWorker.run(TestMethodWorker.java:109)
	at org.testng.TestRunner.privateRun(TestRunner.java:648)
	at org.testng.TestRunner.run(TestRunner.java:505)
	at org.testng.SuiteRunner.runTest(SuiteRunner.java:455)
	at org.testng.SuiteRunner.runSequentially(SuiteRunner.java:450)
	at org.testng.SuiteRunner.privateRun(SuiteRunner.java:415)
	at org.testng.SuiteRunner.run(SuiteRunner.java:364)
	at org.testng.SuiteRunnerWorker.runSuite(SuiteRunnerWorker.java:52)
	at org.testng.SuiteRunnerWorker.run(SuiteRunnerWorker.java:84)
	at org.testng.TestNG.runSuitesSequentially(TestNG.java:1208)
	at org.testng.TestNG.runSuitesLocally(TestNG.java:1137)
	at org.testng.TestNG.runSuites(TestNG.java:1049)
	at org.testng.TestNG.run(TestNG.java:1017)
	at org.apache.maven.surefire.testng.TestNGExecutor.run(TestNGExecutor.java:324)
	at org.apache.maven.surefire.testng.TestNGXmlTestSuite.execute(TestNGXmlTestSuite.java:74)
	at org.apache.maven.surefire.testng.TestNGProvider.invoke(TestNGProvider.java:123)
	at org.apache.maven.surefire.booter.ForkedBooter.runSuitesInProcess(ForkedBooter.java:456)
	at org.apache.maven.surefire.booter.ForkedBooter.execute(ForkedBooter.java:169)
	at org.apache.maven.surefire.booter.ForkedBooter.run(ForkedBooter.java:595)
	at org.apache.maven.surefire.booter.ForkedBooter.main(ForkedBooter.java:581)
</pre></div></td>
<td>10</td>
<td>com.testngcode_9thApr_2023_Retry_Failed_TestCases.TnRediffTest@55141def</td></tr>
<tr>
<td title='com.testngcode_9thApr_2023_Retry_Failed_TestCases.TnRediffTest.rediffLoginTest()'><b>rediffLoginTest</b><br>Test class: com.testngcode_9thApr_2023_Retry_Failed_TestCases.TnRediffTest</td>
<td><div><pre>java.lang.AssertionError: null
	at com.testngcode_9thApr_2023_Retry_Failed_TestCases.TnRediffTest.rediffLoginTest(TnRediffTest.java:21)
... Removed 31 stack frames</pre></div><a href='#' onClick='toggleBox("stack-trace1413473944", this, "Click to show all stack frames", "Click to hide stack frames")'>Click to show all stack frames</a>
<div class='stack-trace' id='stack-trace1413473944'><pre>java.lang.AssertionError: null
	at org.testng.Assert.fail(Assert.java:96)
	at org.testng.Assert.fail(Assert.java:103)
	at com.testngcode_9thApr_2023_Retry_Failed_TestCases.TnRediffTest.rediffLoginTest(TnRediffTest.java:21)
	at sun.reflect.NativeMethodAccessorImpl.invoke0(Native Method)
	at sun.reflect.NativeMethodAccessorImpl.invoke(NativeMethodAccessorImpl.java:62)
	at sun.reflect.DelegatingMethodAccessorImpl.invoke(DelegatingMethodAccessorImpl.java:43)
	at java.lang.reflect.Method.invoke(Method.java:498)
	at org.testng.internal.MethodInvocationHelper.invokeMethod(MethodInvocationHelper.java:124)
	at org.testng.internal.Invoker.invokeMethod(Invoker.java:583)
	at org.testng.internal.Invoker.retryFailed(Invoker.java:839)
	at org.testng.internal.Invoker.invokeTestMethods(Invoker.java:1010)
	at org.testng.internal.TestMethodWorker.invokeTestMethods(TestMethodWorker.java:125)
	at org.testng.internal.TestMethodWorker.run(TestMethodWorker.java:109)
	at org.testng.TestRunner.privateRun(TestRunner.java:648)
	at org.testng.TestRunner.run(TestRunner.java:505)
	at org.testng.SuiteRunner.runTest(SuiteRunner.java:455)
	at org.testng.SuiteRunner.runSequentially(SuiteRunner.java:450)
	at org.testng.SuiteRunner.privateRun(SuiteRunner.java:415)
	at org.testng.SuiteRunner.run(SuiteRunner.java:364)
	at org.testng.SuiteRunnerWorker.runSuite(SuiteRunnerWorker.java:52)
	at org.testng.SuiteRunnerWorker.run(SuiteRunnerWorker.java:84)
	at org.testng.TestNG.runSuitesSequentially(TestNG.java:1208)
	at org.testng.TestNG.runSuitesLocally(TestNG.java:1137)
	at org.testng.TestNG.runSuites(TestNG.java:1049)
	at org.testng.TestNG.run(TestNG.java:1017)
	at org.apache.maven.surefire.testng.TestNGExecutor.run(TestNGExecutor.java:324)
	at org.apache.maven.surefire.testng.TestNGXmlTestSuite.execute(TestNGXmlTestSuite.java:74)
	at org.apache.maven.surefire.testng.TestNGProvider.invoke(TestNGProvider.java:123)
	at org.apache.maven.surefire.booter.ForkedBooter.runSuitesInProcess(ForkedBooter.java:456)
	at org.apache.maven.surefire.booter.ForkedBooter.execute(ForkedBooter.java:169)
	at org.apache.maven.surefire.booter.ForkedBooter.run(ForkedBooter.java:595)
	at org.apache.maven.surefire.booter.ForkedBooter.main(ForkedBooter.java:581)
</pre></div></td>
<td>10</td>
<td>com.testngcode_9thApr_2023_Retry_Failed_TestCases.TnRediffTest@55141def</td></tr>
<tr>
<td title='com.testngcode_9thApr_2023_Retry_Failed_TestCases.TnRediffTest.rediffLoginTest()'><b>rediffLoginTest</b><br>Test class: com.testngcode_9thApr_2023_Retry_Failed_TestCases.TnRediffTest</td>
<td><div><pre>java.lang.AssertionError: null
	at com.testngcode_9thApr_2023_Retry_Failed_TestCases.TnRediffTest.rediffLoginTest(TnRediffTest.java:21)
... Removed 31 stack frames</pre></div><a href='#' onClick='toggleBox("stack-trace326362094", this, "Click to show all stack frames", "Click to hide stack frames")'>Click to show all stack frames</a>
<div class='stack-trace' id='stack-trace326362094'><pre>java.lang.AssertionError: null
	at org.testng.Assert.fail(Assert.java:96)
	at org.testng.Assert.fail(Assert.java:103)
	at com.testngcode_9thApr_2023_Retry_Failed_TestCases.TnRediffTest.rediffLoginTest(TnRediffTest.java:21)
	at sun.reflect.NativeMethodAccessorImpl.invoke0(Native Method)
	at sun.reflect.NativeMethodAccessorImpl.invoke(NativeMethodAccessorImpl.java:62)
	at sun.reflect.DelegatingMethodAccessorImpl.invoke(DelegatingMethodAccessorImpl.java:43)
	at java.lang.reflect.Method.invoke(Method.java:498)
	at org.testng.internal.MethodInvocationHelper.invokeMethod(MethodInvocationHelper.java:124)
	at org.testng.internal.Invoker.invokeMethod(Invoker.java:583)
	at org.testng.internal.Invoker.retryFailed(Invoker.java:839)
	at org.testng.internal.Invoker.invokeTestMethods(Invoker.java:1010)
	at org.testng.internal.TestMethodWorker.invokeTestMethods(TestMethodWorker.java:125)
	at org.testng.internal.TestMethodWorker.run(TestMethodWorker.java:109)
	at org.testng.TestRunner.privateRun(TestRunner.java:648)
	at org.testng.TestRunner.run(TestRunner.java:505)
	at org.testng.SuiteRunner.runTest(SuiteRunner.java:455)
	at org.testng.SuiteRunner.runSequentially(SuiteRunner.java:450)
	at org.testng.SuiteRunner.privateRun(SuiteRunner.java:415)
	at org.testng.SuiteRunner.run(SuiteRunner.java:364)
	at org.testng.SuiteRunnerWorker.runSuite(SuiteRunnerWorker.java:52)
	at org.testng.SuiteRunnerWorker.run(SuiteRunnerWorker.java:84)
	at org.testng.TestNG.runSuitesSequentially(TestNG.java:1208)
	at org.testng.TestNG.runSuitesLocally(TestNG.java:1137)
	at org.testng.TestNG.runSuites(TestNG.java:1049)
	at org.testng.TestNG.run(TestNG.java:1017)
	at org.apache.maven.surefire.testng.TestNGExecutor.run(TestNGExecutor.java:324)
	at org.apache.maven.surefire.testng.TestNGXmlTestSuite.execute(TestNGXmlTestSuite.java:74)
	at org.apache.maven.surefire.testng.TestNGProvider.invoke(TestNGProvider.java:123)
	at org.apache.maven.surefire.booter.ForkedBooter.runSuitesInProcess(ForkedBooter.java:456)
	at org.apache.maven.surefire.booter.ForkedBooter.execute(ForkedBooter.java:169)
	at org.apache.maven.surefire.booter.ForkedBooter.run(ForkedBooter.java:595)
	at org.apache.maven.surefire.booter.ForkedBooter.main(ForkedBooter.java:581)
</pre></div></td>
<td>10</td>
<td>com.testngcode_9thApr_2023_Retry_Failed_TestCases.TnRediffTest@55141def</td></tr>
</table><p>
</body>
</html>