<!DOCTYPE html PUBLIC "-//W3C//DTD XHTML 1.1//EN" "http://www.w3.org/TR/xhtml11/DTD/xhtml11.dtd">
<html xmlns="http://www.w3.org/1999/xhtml">
<head>
<meta http-equiv="content-type" content="text/html; charset=UTF-8"/>
<title>TestNG Report</title>
<style type="text/css">table {margin-bottom:10px;border-collapse:collapse;empty-cells:show}th,td {border:1px solid #009;padding:.25em .5em}th {vertical-align:bottom}td {vertical-align:top}table a {font-weight:bold}.stripe td {background-color: #E6EBF9}.num {text-align:right}.passedodd td {background-color: #3F3}.passedeven td {background-color: #0A0}.skippedodd td {background-color: #DDD}.skippedeven td {background-color: #CCC}.failedodd td,.attn {background-color: #F33}.failedeven td,.stripe .attn {background-color: #D00}.stacktrace {white-space:pre;font-family:monospace}.totop {font-size:85%;text-align:center;border-bottom:2px solid #000}.invisible {display:none}</style>
</head>
<body>
<table>
<tr><th>Test</th><th># Passed</th><th># Skipped</th><th># Failed</th><th>Time (ms)</th><th>Included Groups</th><th>Excluded Groups</th></tr>
<tr><th colspan="7">Suite</th></tr>
<tr><td><a href="#t0">Test</a></td><td class="num">0</td><td class="num attn">5</td><td class="num attn">1</td><td class="num">17,223</td><td></td><td></td></tr>
</table>
<table id='summary'><thead><tr><th>Class</th><th>Method</th><th>Start</th><th>Time (ms)</th></tr></thead><tbody><tr><th colspan="4">Suite</th></tr></tbody><tbody id="t0"><tr><th colspan="4">Test &#8212; failed (configuration methods)</th></tr><tr class="failedeven"><td rowspan="1">com.automationcode_Applying_Inheritance_9thApr_2023.LoginTest</td><td><a href="#m0">setUp</a></td><td rowspan="1">1681059577849</td><td rowspan="1">5213</td></tr><tr class="failedodd"><td rowspan="1">com.automationcode_Applying_Inheritance_9thApr_2023.RegisterTest</td><td><a href="#m1">setUp</a></td><td rowspan="1">1681059572584</td><td rowspan="1">5257</td></tr><tr class="failedeven"><td rowspan="1">com.automationcode_Applying_Inheritance_9thApr_2023.SearchProductTest</td><td><a href="#m2">tearDown</a></td><td rowspan="1">1681059572579</td><td rowspan="1">0</td></tr><tr><th colspan="4">Test &#8212; failed</th></tr><tr class="failedeven"><td rowspan="1">com.automationcode_Applying_Inheritance_9thApr_2023.SearchProductTest</td><td><a href="#m3">validProductSearchTest</a></td><td rowspan="1">1681059572572</td><td rowspan="1">5</td></tr><tr><th colspan="4">Test &#8212; skipped (configuration methods)</th></tr><tr class="skippedeven"><td rowspan="3">com.automationcode_Applying_Inheritance_9thApr_2023.LoginTest</td><td><a href="#m4">setUp</a></td><td rowspan="1">1681059583090</td><td rowspan="1">0</td></tr><tr class="skippedeven"><td><a href="#m5">tearDown</a></td><td rowspan="2">1681059583067</td><td rowspan="2">0</td></tr><tr class="skippedeven"><td><a href="#m6">tearDown</a></td></tr><tr class="skippedodd"><td rowspan="3">com.automationcode_Applying_Inheritance_9thApr_2023.RegisterTest</td><td><a href="#m7">setUp</a></td><td rowspan="1">1681059583080</td><td rowspan="1">0</td></tr><tr class="skippedodd"><td><a href="#m8">tearDown</a></td><td rowspan="2">1681059577847</td><td rowspan="2">0</td></tr><tr class="skippedodd"><td><a href="#m9">tearDown</a></td></tr><tr class="skippedeven"><td rowspan="2">com.automationcode_Applying_Inheritance_9thApr_2023.SearchProductTest</td><td><a href="#m10">setUp</a></td><td rowspan="1">1681059583071</td><td rowspan="1">0</td></tr><tr class="skippedeven"><td><a href="#m11">tearDown</a></td><td rowspan="1">1681059583076</td><td rowspan="1">0</td></tr><tr><th colspan="4">Test &#8212; skipped</th></tr><tr class="skippedeven"><td rowspan="2">com.automationcode_Applying_Inheritance_9thApr_2023.LoginTest</td><td><a href="#m12">verifyingLoginWithInvalidCredentials</a></td><td rowspan="1">1681059583093</td><td rowspan="1">0</td></tr><tr class="skippedeven"><td><a href="#m13">verifyingLoginWithValidCredentials</a></td><td rowspan="1">1681059583064</td><td rowspan="1">0</td></tr><tr class="skippedodd"><td rowspan="2">com.automationcode_Applying_Inheritance_9thApr_2023.RegisterTest</td><td><a href="#m14">enterAllFields</a></td><td rowspan="1">1681059577844</td><td rowspan="1">0</td></tr><tr class="skippedodd"><td><a href="#m15">enterAllMandatoryFields</a></td><td rowspan="1">1681059583081</td><td rowspan="1">0</td></tr><tr class="skippedeven"><td rowspan="1">com.automationcode_Applying_Inheritance_9thApr_2023.SearchProductTest</td><td><a href="#m16">invalidProductSearchTest</a></td><td rowspan="1">1681059583073</td><td rowspan="1">0</td></tr></tbody>
</table>
<h2>Test</h2><h3 id="m0">com.automationcode_Applying_Inheritance_9thApr_2023.LoginTest#setUp</h3><table class="result"><tr><th>Exception</th></tr><tr><td><div class="stacktrace">java.lang.NullPointerException: Cannot invoke &quot;org.openqa.selenium.WebDriver.findElement(org.openqa.selenium.By)&quot; because &quot;this.driver&quot; is null
	at com.automationcode_Applying_Inheritance_9thApr_2023.LoginTest.setUp(LoginTest.java:20)
... Removed 28 stack frames</div></td></tr></table><p class="totop"><a href="#summary">back to summary</a></p>
<h3 id="m1">com.automationcode_Applying_Inheritance_9thApr_2023.RegisterTest#setUp</h3><table class="result"><tr><th>Exception</th></tr><tr><td><div class="stacktrace">java.lang.NullPointerException: Cannot invoke &quot;org.openqa.selenium.WebDriver.findElement(org.openqa.selenium.By)&quot; because &quot;this.driver&quot; is null
	at com.automationcode_Applying_Inheritance_9thApr_2023.RegisterTest.setUp(RegisterTest.java:20)
... Removed 28 stack frames</div></td></tr></table><p class="totop"><a href="#summary">back to summary</a></p>
<h3 id="m2">com.automationcode_Applying_Inheritance_9thApr_2023.SearchProductTest#tearDown</h3><table class="result"><tr><th>Exception</th></tr><tr><td><div class="stacktrace">java.lang.NullPointerException: Cannot invoke &quot;org.openqa.selenium.WebDriver.quit()&quot; because &quot;this.driver&quot; is null
	at com.automationcode_Applying_Inheritance_9thApr_2023.SearchProductTest.tearDown(SearchProductTest.java:41)
... Removed 28 stack frames</div></td></tr></table><p class="totop"><a href="#summary">back to summary</a></p>
<h3 id="m3">com.automationcode_Applying_Inheritance_9thApr_2023.SearchProductTest#validProductSearchTest</h3><table class="result"><tr><th>Exception</th></tr><tr><td><div class="stacktrace">java.lang.NullPointerException: Cannot invoke &quot;org.openqa.selenium.WebDriver.findElement(org.openqa.selenium.By)&quot; because &quot;this.driver&quot; is null
	at com.automationcode_Applying_Inheritance_9thApr_2023.SearchProductTest.validProductSearchTest(SearchProductTest.java:23)
... Removed 25 stack frames</div></td></tr></table><p class="totop"><a href="#summary">back to summary</a></p>
<h3 id="m4">com.automationcode_Applying_Inheritance_9thApr_2023.LoginTest#setUp</h3><table class="result"><tr><th class="invisible"/></tr></table><p class="totop"><a href="#summary">back to summary</a></p>
<h3 id="m5">com.automationcode_Applying_Inheritance_9thApr_2023.LoginTest#tearDown</h3><table class="result"><tr><th class="invisible"/></tr></table><p class="totop"><a href="#summary">back to summary</a></p>
<h3 id="m6">com.automationcode_Applying_Inheritance_9thApr_2023.LoginTest#tearDown</h3><table class="result"><tr><th class="invisible"/></tr></table><p class="totop"><a href="#summary">back to summary</a></p>
<h3 id="m7">com.automationcode_Applying_Inheritance_9thApr_2023.RegisterTest#setUp</h3><table class="result"><tr><th class="invisible"/></tr></table><p class="totop"><a href="#summary">back to summary</a></p>
<h3 id="m8">com.automationcode_Applying_Inheritance_9thApr_2023.RegisterTest#tearDown</h3><table class="result"><tr><th class="invisible"/></tr></table><p class="totop"><a href="#summary">back to summary</a></p>
<h3 id="m9">com.automationcode_Applying_Inheritance_9thApr_2023.RegisterTest#tearDown</h3><table class="result"><tr><th class="invisible"/></tr></table><p class="totop"><a href="#summary">back to summary</a></p>
<h3 id="m10">com.automationcode_Applying_Inheritance_9thApr_2023.SearchProductTest#setUp</h3><table class="result"><tr><th class="invisible"/></tr></table><p class="totop"><a href="#summary">back to summary</a></p>
<h3 id="m11">com.automationcode_Applying_Inheritance_9thApr_2023.SearchProductTest#tearDown</h3><table class="result"><tr><th class="invisible"/></tr></table><p class="totop"><a href="#summary">back to summary</a></p>
<h3 id="m12">com.automationcode_Applying_Inheritance_9thApr_2023.LoginTest#verifyingLoginWithInvalidCredentials</h3><table class="result"><tr><th>Exception</th></tr><tr><td><div class="stacktrace">java.lang.NullPointerException: Cannot invoke &quot;org.openqa.selenium.WebDriver.findElement(org.openqa.selenium.By)&quot; because &quot;this.driver&quot; is null
	at com.automationcode_Applying_Inheritance_9thApr_2023.LoginTest.setUp(LoginTest.java:20)
... Removed 28 stack frames</div></td></tr></table><p class="totop"><a href="#summary">back to summary</a></p>
<h3 id="m13">com.automationcode_Applying_Inheritance_9thApr_2023.LoginTest#verifyingLoginWithValidCredentials</h3><table class="result"><tr><th>Exception</th></tr><tr><td><div class="stacktrace">java.lang.NullPointerException: Cannot invoke &quot;org.openqa.selenium.WebDriver.findElement(org.openqa.selenium.By)&quot; because &quot;this.driver&quot; is null
	at com.automationcode_Applying_Inheritance_9thApr_2023.LoginTest.setUp(LoginTest.java:20)
... Removed 28 stack frames</div></td></tr></table><p class="totop"><a href="#summary">back to summary</a></p>
<h3 id="m14">com.automationcode_Applying_Inheritance_9thApr_2023.RegisterTest#enterAllFields</h3><table class="result"><tr><th>Exception</th></tr><tr><td><div class="stacktrace">java.lang.NullPointerException: Cannot invoke &quot;org.openqa.selenium.WebDriver.findElement(org.openqa.selenium.By)&quot; because &quot;this.driver&quot; is null
	at com.automationcode_Applying_Inheritance_9thApr_2023.RegisterTest.setUp(RegisterTest.java:20)
... Removed 28 stack frames</div></td></tr></table><p class="totop"><a href="#summary">back to summary</a></p>
<h3 id="m15">com.automationcode_Applying_Inheritance_9thApr_2023.RegisterTest#enterAllMandatoryFields</h3><table class="result"><tr><th>Exception</th></tr><tr><td><div class="stacktrace">java.lang.NullPointerException: Cannot invoke &quot;org.openqa.selenium.WebDriver.findElement(org.openqa.selenium.By)&quot; because &quot;this.driver&quot; is null
	at com.automationcode_Applying_Inheritance_9thApr_2023.RegisterTest.setUp(RegisterTest.java:20)
... Removed 28 stack frames</div></td></tr></table><p class="totop"><a href="#summary">back to summary</a></p>
<h3 id="m16">com.automationcode_Applying_Inheritance_9thApr_2023.SearchProductTest#invalidProductSearchTest</h3><table class="result"><tr><th>Exception</th></tr><tr><td><div class="stacktrace">java.lang.NullPointerException: Cannot invoke &quot;org.openqa.selenium.WebDriver.quit()&quot; because &quot;this.driver&quot; is null
	at com.automationcode_Applying_Inheritance_9thApr_2023.SearchProductTest.tearDown(SearchProductTest.java:41)
... Removed 28 stack frames</div></td></tr></table><p class="totop"><a href="#summary">back to summary</a></p>
</body>
</html>
