<?xml version="1.0" encoding="UTF-8"?>
<!-- Generated by org.testng.reporters.JUnitReportReporter -->
<testsuite hostname="SarthakThinkpad" failures="0" tests="5" name="com.automationcode_15thApr_2023.RediffListenerLoginTest" time="11.483" errors="1" timestamp="15 Apr 2023 19:09:43 GMT" skipped="3">
  <testcase classname="com.automationcode_15thApr_2023.RediffListenerLoginTest" name="clickOnSinginLink" time="6.998"/>
  <testcase classname="com.automationcode_15thApr_2023.RediffListenerLoginTest" name="enterCredentials" time="4.485">
    <error message="Method com.automationcode_15thApr_2023.RediffListenerLoginTest.enterCredentials() didn&#039;t finish within the time-out 1000" type="org.testng.internal.thread.ThreadTimeoutException">
      <![CDATA[org.testng.internal.thread.ThreadTimeoutException: Method com.automationcode_15thApr_2023.RediffListenerLoginTest.enterCredentials() didn't finish within the time-out 1000
at java.base@17.0.6/java.io.WinNTFileSystem.getBooleanAttributes(Native Method)
at java.base@17.0.6/java.io.FileSystem.hasBooleanAttributes(FileSystem.java:125)
at java.base@17.0.6/java.io.File.exists(File.java:834)
at java.base@17.0.6/jdk.internal.loader.URLClassPath$FileLoader.getResource(URLClassPath.java:1262)
at java.base@17.0.6/jdk.internal.loader.URLClassPath.getResource(URLClassPath.java:319)
at java.base@17.0.6/jdk.internal.loader.BuiltinClassLoader.findClassOnClassPathOrNull(BuiltinClassLoader.java:757)
at java.base@17.0.6/jdk.internal.loader.BuiltinClassLoader.loadClassOrNull(BuiltinClassLoader.java:681)
at java.base@17.0.6/jdk.internal.loader.BuiltinClassLoader.loadClass(BuiltinClassLoader.java:639)
at java.base@17.0.6/jdk.internal.loader.ClassLoaders$AppClassLoader.loadClass(ClassLoaders.java:188)
at java.base@17.0.6/java.lang.ClassLoader.loadClass(ClassLoader.java:520)
at app//org.openqa.selenium.remote.service.DriverCommandExecutor.execute(DriverCommandExecutor.java:160)
at app//org.openqa.selenium.remote.RemoteWebDriver.execute(RemoteWebDriver.java:543)
at app//org.openqa.selenium.remote.RemoteWebElement.execute(RemoteWebElement.java:257)
at app//org.openqa.selenium.remote.RemoteWebElement.click(RemoteWebElement.java:78)
at app//com.automationcode_15thApr_2023.RediffListenerLoginTest.enterCredentials(RediffListenerLoginTest.java:36)
at java.base@17.0.6/jdk.internal.reflect.NativeMethodAccessorImpl.invoke0(Native Method)
at java.base@17.0.6/jdk.internal.reflect.NativeMethodAccessorImpl.invoke(NativeMethodAccessorImpl.java:77)
at java.base@17.0.6/jdk.internal.reflect.DelegatingMethodAccessorImpl.invoke(DelegatingMethodAccessorImpl.java:43)
at java.base@17.0.6/java.lang.reflect.Method.invoke(Method.java:568)
at app//org.testng.internal.MethodInvocationHelper.invokeMethod(MethodInvocationHelper.java:124)
at app//org.testng.internal.InvokeMethodRunnable.runOne(InvokeMethodRunnable.java:54)
at app//org.testng.internal.InvokeMethodRunnable.run(InvokeMethodRunnable.java:44)
at java.base@17.0.6/java.util.concurrent.Executors$RunnableAdapter.call(Executors.java:539)
at java.base@17.0.6/java.util.concurrent.FutureTask.run(FutureTask.java:264)
at java.base@17.0.6/java.util.concurrent.ThreadPoolExecutor.runWorker(ThreadPoolExecutor.java:1136)
at java.base@17.0.6/java.util.concurrent.ThreadPoolExecutor$Worker.run(ThreadPoolExecutor.java:635)
at java.base@17.0.6/java.lang.Thread.run(Thread.java:833)
]]>
    </error>
  </testcase> <!-- enterCredentials -->
  <testcase classname="com.automationcode_15thApr_2023.RediffListenerLoginTest" name="clickOnsigninButton" time="0.000">
    <skipped/>
  </testcase> <!-- clickOnsigninButton -->
  <testcase classname="com.automationcode_15thApr_2023.RediffListenerLoginTest" name="clickOnRediffHomeLink">
    <skipped/>
  </testcase> <!-- clickOnRediffHomeLink -->
  <testcase classname="com.automationcode_15thApr_2023.RediffListenerLoginTest" name="clickOnLogoutLink">
    <skipped/>
  </testcase> <!-- clickOnLogoutLink -->
</testsuite> <!-- com.automationcode_15thApr_2023.RediffListenerLoginTest -->
